2020-03-04T05:42:56+00:00 CRITICAL Cannot redeclare get_post() (previously declared in /var/www/html/wordpress-html5/wp-includes/post.php:753) in /var/www/html/wordpress-html5/wp-content/plugins/insert-php-code-snippet/shortcode-handler.php(65) : eval()'d code on line 35

2020-03-04T05:44:52+00:00 CRITICAL syntax error, unexpected ',' in /var/www/html/wordpress-html5/wp-content/plugins/insert-php-code-snippet/shortcode-handler.php(65) : eval()'d code on line 11

2020-03-04T05:45:14+00:00 CRITICAL syntax error, unexpected ',' in /var/www/html/wordpress-html5/wp-content/plugins/insert-php-code-snippet/shortcode-handler.php(65) : eval()'d code on line 11

2020-03-04T05:45:38+00:00 CRITICAL syntax error, unexpected 'if' (T_IF) in /var/www/html/wordpress-html5/wp-content/plugins/insert-php-code-snippet/shortcode-handler.php(65) : eval()'d code on line 4

2020-03-04T05:47:21+00:00 CRITICAL syntax error, unexpected '<' in /var/www/html/wordpress-html5/wp-content/plugins/insert-php-code-snippet/shortcode-handler.php(65) : eval()'d code on line 7

2020-03-04T05:47:39+00:00 CRITICAL syntax error, unexpected '<' in /var/www/html/wordpress-html5/wp-content/plugins/insert-php-code-snippet/shortcode-handler.php(65) : eval()'d code on line 7

2020-03-04T05:55:49+00:00 CRITICAL Uncaught Error: Call to undefined method WP_Post::the_post_thumbnail() in /var/www/html/wordpress-html5/wp-content/plugins/insert-php-code-snippet/shortcode-handler.php(65) : eval()'d code:10
Stack trace:
#0 /var/www/html/wordpress-html5/wp-content/plugins/insert-php-code-snippet/shortcode-handler.php(65): eval()
#1 /var/www/html/wordpress-html5/wp-includes/shortcodes.php(325): xyz_ips_display_content(Array, '', 'xyz-ips')
#2 [internal function]: do_shortcode_tag(Array)
#3 /var/www/html/wordpress-html5/wp-includes/shortcodes.php(199): preg_replace_callback('/\\[(\\[?)(xyz\\-i...', 'do_shortcode_ta...', '[xyz-ips snippe...')
#4 /var/www/html/wordpress-html5/wp-content/plugins/elementor/includes/widgets/shortcode.php(130): do_shortcode('[xyz-ips snippe...')
#5 /var/www/html/wordpress-html5/wp-content/plugins/elementor/includes/base/widget-base.php(531): Elementor\Widget_Shortcode->render()
#6 /var/www/html/wordpress-html5/wp-content/plugins/elementor/includes/base/widget-base.php(661): Elementor\Widget_Base->re in /var/www/html/wordpress-html5/wp-content/plugins/insert-php-code-snippet/shortcode-handler.php(65) : eval()'d code on line 10

2020-03-04T05:58:16+00:00 CRITICAL Uncaught Error: Call to undefined method WP_Post::the_post() in /var/www/html/wordpress-html5/wp-content/plugins/insert-php-code-snippet/shortcode-handler.php(65) : eval()'d code:10
Stack trace:
#0 /var/www/html/wordpress-html5/wp-content/plugins/insert-php-code-snippet/shortcode-handler.php(65): eval()
#1 /var/www/html/wordpress-html5/wp-includes/shortcodes.php(325): xyz_ips_display_content(Array, '', 'xyz-ips')
#2 [internal function]: do_shortcode_tag(Array)
#3 /var/www/html/wordpress-html5/wp-includes/shortcodes.php(199): preg_replace_callback('/\\[(\\[?)(xyz\\-i...', 'do_shortcode_ta...', '[xyz-ips snippe...')
#4 /var/www/html/wordpress-html5/wp-content/plugins/elementor/includes/widgets/shortcode.php(130): do_shortcode('[xyz-ips snippe...')
#5 /var/www/html/wordpress-html5/wp-content/plugins/elementor/includes/base/widget-base.php(531): Elementor\Widget_Shortcode->render()
#6 /var/www/html/wordpress-html5/wp-content/plugins/elementor/includes/base/widget-base.php(661): Elementor\Widget_Base->render_conte in /var/www/html/wordpress-html5/wp-content/plugins/insert-php-code-snippet/shortcode-handler.php(65) : eval()'d code on line 10

2020-03-04T06:03:41+00:00 CRITICAL syntax error, unexpected '<', expecting end of file in /var/www/html/wordpress-html5/wp-content/plugins/insert-php-code-snippet/shortcode-handler.php(65) : eval()'d code on line 12

2020-03-04T06:10:33+00:00 CRITICAL Uncaught Error: Call to undefined method WP_Post::get_the_post_thumbnail() in /var/www/html/wordpress-html5/wp-content/plugins/insert-php-code-snippet/shortcode-handler.php(65) : eval()'d code:10
Stack trace:
#0 /var/www/html/wordpress-html5/wp-content/plugins/insert-php-code-snippet/shortcode-handler.php(65): eval()
#1 /var/www/html/wordpress-html5/wp-includes/shortcodes.php(325): xyz_ips_display_content(Array, '', 'xyz-ips')
#2 [internal function]: do_shortcode_tag(Array)
#3 /var/www/html/wordpress-html5/wp-includes/shortcodes.php(199): preg_replace_callback('/\\[(\\[?)(xyz\\-i...', 'do_shortcode_ta...', '[xyz-ips snippe...')
#4 /var/www/html/wordpress-html5/wp-content/plugins/elementor/includes/widgets/shortcode.php(130): do_shortcode('[xyz-ips snippe...')
#5 /var/www/html/wordpress-html5/wp-content/plugins/elementor/includes/base/widget-base.php(531): Elementor\Widget_Shortcode->render()
#6 /var/www/html/wordpress-html5/wp-content/plugins/elementor/includes/base/widget-base.php(661): Elementor\Widget_Base in /var/www/html/wordpress-html5/wp-content/plugins/insert-php-code-snippet/shortcode-handler.php(65) : eval()'d code on line 10

2020-03-04T06:10:46+00:00 CRITICAL syntax error, unexpected ''tum);' (T_ENCAPSED_AND_WHITESPACE) in /var/www/html/wordpress-html5/wp-content/plugins/insert-php-code-snippet/shortcode-handler.php(65) : eval()'d code on line 10

2020-03-04T06:14:15+00:00 CRITICAL syntax error, unexpected '<', expecting end of file in /var/www/html/wordpress-html5/wp-content/plugins/insert-php-code-snippet/shortcode-handler.php(65) : eval()'d code on line 3

