2020-02-26T12:15:49+00:00 CRITICAL Uncaught Error: Call to a member function get_average_rating() on null in /var/www/html/wordpress-html5/wp-content/themes/html5blank-stable/functions.php:484
Stack trace:
#0 /var/www/html/wordpress-html5/wp-includes/class-wp-hook.php(290): get_star_rating('')
#1 /var/www/html/wordpress-html5/wp-includes/plugin.php(206): WP_Hook->apply_filters('', Array)
#2 /var/www/html/wordpress-html5/wp-content/plugins/woocommerce/includes/wc-template-functions.php(3438): apply_filters('woocommerce_pro...', '', 0, 0)
#3 /var/www/html/wordpress-html5/wp-content/plugins/woocommerce/templates/content-widget-reviews.php(29): wc_get_rating_html(0)
#4 /var/www/html/wordpress-html5/wp-content/plugins/woocommerce/includes/wc-core-functions.php(249): include('/var/www/html/w...')
#5 /var/www/html/wordpress-html5/wp-content/plugins/woocommerce/includes/widgets/class-wc-widget-recent-reviews.php(78): wc_get_template('content-widget-...', Array)
#6 /var/www/html/wordpress-html5/wp-content/plugins/elementor/includes/widgets/wordpress.ph in /var/www/html/wordpress-html5/wp-content/themes/html5blank-stable/functions.php on line 484

2020-02-26T12:15:55+00:00 CRITICAL Uncaught Error: Call to a member function get_average_rating() on null in /var/www/html/wordpress-html5/wp-content/themes/html5blank-stable/functions.php:484
Stack trace:
#0 /var/www/html/wordpress-html5/wp-includes/class-wp-hook.php(290): get_star_rating('')
#1 /var/www/html/wordpress-html5/wp-includes/plugin.php(206): WP_Hook->apply_filters('', Array)
#2 /var/www/html/wordpress-html5/wp-content/plugins/woocommerce/includes/wc-template-functions.php(3438): apply_filters('woocommerce_pro...', '', 0, 0)
#3 /var/www/html/wordpress-html5/wp-content/plugins/woocommerce/templates/content-widget-reviews.php(29): wc_get_rating_html(0)
#4 /var/www/html/wordpress-html5/wp-content/plugins/woocommerce/includes/wc-core-functions.php(249): include('/var/www/html/w...')
#5 /var/www/html/wordpress-html5/wp-content/plugins/woocommerce/includes/widgets/class-wc-widget-recent-reviews.php(78): wc_get_template('content-widget-...', Array)
#6 /var/www/html/wordpress-html5/wp-content/plugins/elementor/includes/widgets/wordpress.ph in /var/www/html/wordpress-html5/wp-content/themes/html5blank-stable/functions.php on line 484

2020-02-26T12:15:56+00:00 CRITICAL Uncaught Error: Call to a member function get_average_rating() on null in /var/www/html/wordpress-html5/wp-content/themes/html5blank-stable/functions.php:484
Stack trace:
#0 /var/www/html/wordpress-html5/wp-includes/class-wp-hook.php(290): get_star_rating('')
#1 /var/www/html/wordpress-html5/wp-includes/plugin.php(206): WP_Hook->apply_filters('', Array)
#2 /var/www/html/wordpress-html5/wp-content/plugins/woocommerce/includes/wc-template-functions.php(3438): apply_filters('woocommerce_pro...', '', 0, 0)
#3 /var/www/html/wordpress-html5/wp-content/plugins/woocommerce/templates/content-widget-reviews.php(29): wc_get_rating_html(0)
#4 /var/www/html/wordpress-html5/wp-content/plugins/woocommerce/includes/wc-core-functions.php(249): include('/var/www/html/w...')
#5 /var/www/html/wordpress-html5/wp-content/plugins/woocommerce/includes/widgets/class-wc-widget-recent-reviews.php(78): wc_get_template('content-widget-...', Array)
#6 /var/www/html/wordpress-html5/wp-content/plugins/elementor/includes/widgets/wordpress.ph in /var/www/html/wordpress-html5/wp-content/themes/html5blank-stable/functions.php on line 484

2020-02-26T12:17:15+00:00 CRITICAL Uncaught Error: Call to a member function get_average_rating() on null in /var/www/html/wordpress-html5/wp-content/themes/html5blank-stable/functions.php:484
Stack trace:
#0 /var/www/html/wordpress-html5/wp-includes/class-wp-hook.php(290): get_star_rating('')
#1 /var/www/html/wordpress-html5/wp-includes/plugin.php(206): WP_Hook->apply_filters('', Array)
#2 /var/www/html/wordpress-html5/wp-content/plugins/woocommerce/includes/wc-template-functions.php(3438): apply_filters('woocommerce_pro...', '', 0, 0)
#3 /var/www/html/wordpress-html5/wp-content/plugins/woocommerce/templates/content-widget-reviews.php(29): wc_get_rating_html(0)
#4 /var/www/html/wordpress-html5/wp-content/plugins/woocommerce/includes/wc-core-functions.php(249): include('/var/www/html/w...')
#5 /var/www/html/wordpress-html5/wp-content/plugins/woocommerce/includes/widgets/class-wc-widget-recent-reviews.php(78): wc_get_template('content-widget-...', Array)
#6 /var/www/html/wordpress-html5/wp-content/plugins/elementor/includes/widgets/wordpress.ph in /var/www/html/wordpress-html5/wp-content/themes/html5blank-stable/functions.php on line 484

2020-02-26T12:18:39+00:00 CRITICAL Uncaught Error: Call to a member function get_average_rating() on null in /var/www/html/wordpress-html5/wp-content/themes/html5blank-stable/functions.php:484
Stack trace:
#0 /var/www/html/wordpress-html5/wp-includes/class-wp-hook.php(290): get_star_rating('')
#1 /var/www/html/wordpress-html5/wp-includes/plugin.php(206): WP_Hook->apply_filters('', Array)
#2 /var/www/html/wordpress-html5/wp-content/plugins/woocommerce/includes/wc-template-functions.php(3438): apply_filters('woocommerce_pro...', '', 0, 0)
#3 /var/www/html/wordpress-html5/wp-content/plugins/woocommerce/templates/content-widget-reviews.php(29): wc_get_rating_html(0)
#4 /var/www/html/wordpress-html5/wp-content/plugins/woocommerce/includes/wc-core-functions.php(249): include('/var/www/html/w...')
#5 /var/www/html/wordpress-html5/wp-content/plugins/woocommerce/includes/widgets/class-wc-widget-recent-reviews.php(78): wc_get_template('content-widget-...', Array)
#6 /var/www/html/wordpress-html5/wp-content/plugins/elementor/includes/widgets/wordpress.ph in /var/www/html/wordpress-html5/wp-content/themes/html5blank-stable/functions.php on line 484

2020-02-26T12:18:40+00:00 CRITICAL Uncaught Error: Call to a member function get_average_rating() on null in /var/www/html/wordpress-html5/wp-content/themes/html5blank-stable/functions.php:484
Stack trace:
#0 /var/www/html/wordpress-html5/wp-includes/class-wp-hook.php(290): get_star_rating('')
#1 /var/www/html/wordpress-html5/wp-includes/plugin.php(206): WP_Hook->apply_filters('', Array)
#2 /var/www/html/wordpress-html5/wp-content/plugins/woocommerce/includes/wc-template-functions.php(3438): apply_filters('woocommerce_pro...', '', 0, 0)
#3 /var/www/html/wordpress-html5/wp-content/plugins/woocommerce/templates/content-widget-reviews.php(29): wc_get_rating_html(0)
#4 /var/www/html/wordpress-html5/wp-content/plugins/woocommerce/includes/wc-core-functions.php(249): include('/var/www/html/w...')
#5 /var/www/html/wordpress-html5/wp-content/plugins/woocommerce/includes/widgets/class-wc-widget-recent-reviews.php(78): wc_get_template('content-widget-...', Array)
#6 /var/www/html/wordpress-html5/wp-content/plugins/elementor/includes/widgets/wordpress.ph in /var/www/html/wordpress-html5/wp-content/themes/html5blank-stable/functions.php on line 484

2020-02-26T12:18:41+00:00 CRITICAL Uncaught Error: Call to a member function get_average_rating() on null in /var/www/html/wordpress-html5/wp-content/themes/html5blank-stable/functions.php:484
Stack trace:
#0 /var/www/html/wordpress-html5/wp-includes/class-wp-hook.php(290): get_star_rating('')
#1 /var/www/html/wordpress-html5/wp-includes/plugin.php(206): WP_Hook->apply_filters('', Array)
#2 /var/www/html/wordpress-html5/wp-content/plugins/woocommerce/includes/wc-template-functions.php(3438): apply_filters('woocommerce_pro...', '', 0, 0)
#3 /var/www/html/wordpress-html5/wp-content/plugins/woocommerce/templates/content-widget-reviews.php(29): wc_get_rating_html(0)
#4 /var/www/html/wordpress-html5/wp-content/plugins/woocommerce/includes/wc-core-functions.php(249): include('/var/www/html/w...')
#5 /var/www/html/wordpress-html5/wp-content/plugins/woocommerce/includes/widgets/class-wc-widget-recent-reviews.php(78): wc_get_template('content-widget-...', Array)
#6 /var/www/html/wordpress-html5/wp-content/plugins/elementor/includes/widgets/wordpress.ph in /var/www/html/wordpress-html5/wp-content/themes/html5blank-stable/functions.php on line 484

2020-02-26T12:18:41+00:00 CRITICAL Uncaught Error: Call to a member function get_average_rating() on null in /var/www/html/wordpress-html5/wp-content/themes/html5blank-stable/functions.php:484
Stack trace:
#0 /var/www/html/wordpress-html5/wp-includes/class-wp-hook.php(290): get_star_rating('')
#1 /var/www/html/wordpress-html5/wp-includes/plugin.php(206): WP_Hook->apply_filters('', Array)
#2 /var/www/html/wordpress-html5/wp-content/plugins/woocommerce/includes/wc-template-functions.php(3438): apply_filters('woocommerce_pro...', '', 0, 0)
#3 /var/www/html/wordpress-html5/wp-content/plugins/woocommerce/templates/content-widget-reviews.php(29): wc_get_rating_html(0)
#4 /var/www/html/wordpress-html5/wp-content/plugins/woocommerce/includes/wc-core-functions.php(249): include('/var/www/html/w...')
#5 /var/www/html/wordpress-html5/wp-content/plugins/woocommerce/includes/widgets/class-wc-widget-recent-reviews.php(78): wc_get_template('content-widget-...', Array)
#6 /var/www/html/wordpress-html5/wp-content/plugins/elementor/includes/widgets/wordpress.ph in /var/www/html/wordpress-html5/wp-content/themes/html5blank-stable/functions.php on line 484

2020-02-26T12:18:42+00:00 CRITICAL Uncaught Error: Call to a member function get_average_rating() on null in /var/www/html/wordpress-html5/wp-content/themes/html5blank-stable/functions.php:484
Stack trace:
#0 /var/www/html/wordpress-html5/wp-includes/class-wp-hook.php(290): get_star_rating('')
#1 /var/www/html/wordpress-html5/wp-includes/plugin.php(206): WP_Hook->apply_filters('', Array)
#2 /var/www/html/wordpress-html5/wp-content/plugins/woocommerce/includes/wc-template-functions.php(3438): apply_filters('woocommerce_pro...', '', 0, 0)
#3 /var/www/html/wordpress-html5/wp-content/plugins/woocommerce/templates/content-widget-reviews.php(29): wc_get_rating_html(0)
#4 /var/www/html/wordpress-html5/wp-content/plugins/woocommerce/includes/wc-core-functions.php(249): include('/var/www/html/w...')
#5 /var/www/html/wordpress-html5/wp-content/plugins/woocommerce/includes/widgets/class-wc-widget-recent-reviews.php(78): wc_get_template('content-widget-...', Array)
#6 /var/www/html/wordpress-html5/wp-content/plugins/elementor/includes/widgets/wordpress.ph in /var/www/html/wordpress-html5/wp-content/themes/html5blank-stable/functions.php on line 484

2020-02-26T12:18:42+00:00 CRITICAL Uncaught Error: Call to a member function get_average_rating() on null in /var/www/html/wordpress-html5/wp-content/themes/html5blank-stable/functions.php:484
Stack trace:
#0 /var/www/html/wordpress-html5/wp-includes/class-wp-hook.php(290): get_star_rating('')
#1 /var/www/html/wordpress-html5/wp-includes/plugin.php(206): WP_Hook->apply_filters('', Array)
#2 /var/www/html/wordpress-html5/wp-content/plugins/woocommerce/includes/wc-template-functions.php(3438): apply_filters('woocommerce_pro...', '', 0, 0)
#3 /var/www/html/wordpress-html5/wp-content/plugins/woocommerce/templates/content-widget-reviews.php(29): wc_get_rating_html(0)
#4 /var/www/html/wordpress-html5/wp-content/plugins/woocommerce/includes/wc-core-functions.php(249): include('/var/www/html/w...')
#5 /var/www/html/wordpress-html5/wp-content/plugins/woocommerce/includes/widgets/class-wc-widget-recent-reviews.php(78): wc_get_template('content-widget-...', Array)
#6 /var/www/html/wordpress-html5/wp-content/plugins/elementor/includes/widgets/wordpress.ph in /var/www/html/wordpress-html5/wp-content/themes/html5blank-stable/functions.php on line 484

2020-02-26T12:18:57+00:00 CRITICAL Uncaught Error: Call to a member function get_average_rating() on null in /var/www/html/wordpress-html5/wp-content/themes/html5blank-stable/functions.php:484
Stack trace:
#0 /var/www/html/wordpress-html5/wp-includes/class-wp-hook.php(290): get_star_rating('')
#1 /var/www/html/wordpress-html5/wp-includes/plugin.php(206): WP_Hook->apply_filters('', Array)
#2 /var/www/html/wordpress-html5/wp-content/plugins/woocommerce/includes/wc-template-functions.php(3438): apply_filters('woocommerce_pro...', '', 0, 0)
#3 /var/www/html/wordpress-html5/wp-content/plugins/woocommerce/templates/content-widget-reviews.php(29): wc_get_rating_html(0)
#4 /var/www/html/wordpress-html5/wp-content/plugins/woocommerce/includes/wc-core-functions.php(249): include('/var/www/html/w...')
#5 /var/www/html/wordpress-html5/wp-content/plugins/woocommerce/includes/widgets/class-wc-widget-recent-reviews.php(78): wc_get_template('content-widget-...', Array)
#6 /var/www/html/wordpress-html5/wp-content/plugins/elementor/includes/widgets/wordpress.ph in /var/www/html/wordpress-html5/wp-content/themes/html5blank-stable/functions.php on line 484

2020-02-26T12:19:43+00:00 CRITICAL Uncaught Error: Call to a member function get_average_rating() on null in /var/www/html/wordpress-html5/wp-content/themes/html5blank-stable/functions.php:484
Stack trace:
#0 /var/www/html/wordpress-html5/wp-includes/class-wp-hook.php(290): get_star_rating('')
#1 /var/www/html/wordpress-html5/wp-includes/plugin.php(206): WP_Hook->apply_filters('', Array)
#2 /var/www/html/wordpress-html5/wp-content/plugins/woocommerce/includes/wc-template-functions.php(3438): apply_filters('woocommerce_pro...', '', 0, 0)
#3 /var/www/html/wordpress-html5/wp-content/plugins/woocommerce/templates/content-widget-reviews.php(29): wc_get_rating_html(0)
#4 /var/www/html/wordpress-html5/wp-content/plugins/woocommerce/includes/wc-core-functions.php(249): include('/var/www/html/w...')
#5 /var/www/html/wordpress-html5/wp-content/plugins/woocommerce/includes/widgets/class-wc-widget-recent-reviews.php(78): wc_get_template('content-widget-...', Array)
#6 /var/www/html/wordpress-html5/wp-content/plugins/elementor/includes/widgets/wordpress.ph in /var/www/html/wordpress-html5/wp-content/themes/html5blank-stable/functions.php on line 484

2020-02-26T12:20:11+00:00 CRITICAL Uncaught Error: Call to a member function get_average_rating() on null in /var/www/html/wordpress-html5/wp-content/themes/html5blank-stable/functions.php:484
Stack trace:
#0 /var/www/html/wordpress-html5/wp-includes/class-wp-hook.php(290): get_star_rating('')
#1 /var/www/html/wordpress-html5/wp-includes/plugin.php(206): WP_Hook->apply_filters('', Array)
#2 /var/www/html/wordpress-html5/wp-content/plugins/woocommerce/includes/wc-template-functions.php(3438): apply_filters('woocommerce_pro...', '', 0, 0)
#3 /var/www/html/wordpress-html5/wp-content/plugins/woocommerce/templates/content-widget-reviews.php(29): wc_get_rating_html(0)
#4 /var/www/html/wordpress-html5/wp-content/plugins/woocommerce/includes/wc-core-functions.php(249): include('/var/www/html/w...')
#5 /var/www/html/wordpress-html5/wp-content/plugins/woocommerce/includes/widgets/class-wc-widget-recent-reviews.php(78): wc_get_template('content-widget-...', Array)
#6 /var/www/html/wordpress-html5/wp-content/plugins/elementor/includes/widgets/wordpress.ph in /var/www/html/wordpress-html5/wp-content/themes/html5blank-stable/functions.php on line 484

2020-02-26T12:20:12+00:00 CRITICAL Uncaught Error: Call to a member function get_average_rating() on null in /var/www/html/wordpress-html5/wp-content/themes/html5blank-stable/functions.php:484
Stack trace:
#0 /var/www/html/wordpress-html5/wp-includes/class-wp-hook.php(290): get_star_rating('')
#1 /var/www/html/wordpress-html5/wp-includes/plugin.php(206): WP_Hook->apply_filters('', Array)
#2 /var/www/html/wordpress-html5/wp-content/plugins/woocommerce/includes/wc-template-functions.php(3438): apply_filters('woocommerce_pro...', '', 0, 0)
#3 /var/www/html/wordpress-html5/wp-content/plugins/woocommerce/templates/content-widget-reviews.php(29): wc_get_rating_html(0)
#4 /var/www/html/wordpress-html5/wp-content/plugins/woocommerce/includes/wc-core-functions.php(249): include('/var/www/html/w...')
#5 /var/www/html/wordpress-html5/wp-content/plugins/woocommerce/includes/widgets/class-wc-widget-recent-reviews.php(78): wc_get_template('content-widget-...', Array)
#6 /var/www/html/wordpress-html5/wp-content/plugins/elementor/includes/widgets/wordpress.ph in /var/www/html/wordpress-html5/wp-content/themes/html5blank-stable/functions.php on line 484

2020-02-26T12:20:28+00:00 CRITICAL Uncaught Error: Call to a member function get_average_rating() on null in /var/www/html/wordpress-html5/wp-content/themes/html5blank-stable/functions.php:484
Stack trace:
#0 /var/www/html/wordpress-html5/wp-includes/class-wp-hook.php(290): get_star_rating('')
#1 /var/www/html/wordpress-html5/wp-includes/plugin.php(206): WP_Hook->apply_filters('', Array)
#2 /var/www/html/wordpress-html5/wp-content/plugins/woocommerce/includes/wc-template-functions.php(3438): apply_filters('woocommerce_pro...', '', 0, 0)
#3 /var/www/html/wordpress-html5/wp-content/plugins/woocommerce/templates/content-widget-reviews.php(29): wc_get_rating_html(0)
#4 /var/www/html/wordpress-html5/wp-content/plugins/woocommerce/includes/wc-core-functions.php(249): include('/var/www/html/w...')
#5 /var/www/html/wordpress-html5/wp-content/plugins/woocommerce/includes/widgets/class-wc-widget-recent-reviews.php(78): wc_get_template('content-widget-...', Array)
#6 /var/www/html/wordpress-html5/wp-content/plugins/elementor/includes/widgets/wordpress.ph in /var/www/html/wordpress-html5/wp-content/themes/html5blank-stable/functions.php on line 484

2020-02-26T12:20:28+00:00 CRITICAL Uncaught Error: Call to a member function get_average_rating() on null in /var/www/html/wordpress-html5/wp-content/themes/html5blank-stable/functions.php:484
Stack trace:
#0 /var/www/html/wordpress-html5/wp-includes/class-wp-hook.php(290): get_star_rating('')
#1 /var/www/html/wordpress-html5/wp-includes/plugin.php(206): WP_Hook->apply_filters('', Array)
#2 /var/www/html/wordpress-html5/wp-content/plugins/woocommerce/includes/wc-template-functions.php(3438): apply_filters('woocommerce_pro...', '', 0, 0)
#3 /var/www/html/wordpress-html5/wp-content/plugins/woocommerce/templates/content-widget-reviews.php(29): wc_get_rating_html(0)
#4 /var/www/html/wordpress-html5/wp-content/plugins/woocommerce/includes/wc-core-functions.php(249): include('/var/www/html/w...')
#5 /var/www/html/wordpress-html5/wp-content/plugins/woocommerce/includes/widgets/class-wc-widget-recent-reviews.php(78): wc_get_template('content-widget-...', Array)
#6 /var/www/html/wordpress-html5/wp-content/plugins/elementor/includes/widgets/wordpress.ph in /var/www/html/wordpress-html5/wp-content/themes/html5blank-stable/functions.php on line 484

2020-02-26T12:20:28+00:00 CRITICAL Uncaught Error: Call to a member function get_average_rating() on null in /var/www/html/wordpress-html5/wp-content/themes/html5blank-stable/functions.php:484
Stack trace:
#0 /var/www/html/wordpress-html5/wp-includes/class-wp-hook.php(290): get_star_rating('')
#1 /var/www/html/wordpress-html5/wp-includes/plugin.php(206): WP_Hook->apply_filters('', Array)
#2 /var/www/html/wordpress-html5/wp-content/plugins/woocommerce/includes/wc-template-functions.php(3438): apply_filters('woocommerce_pro...', '', 0, 0)
#3 /var/www/html/wordpress-html5/wp-content/plugins/woocommerce/templates/content-widget-reviews.php(29): wc_get_rating_html(0)
#4 /var/www/html/wordpress-html5/wp-content/plugins/woocommerce/includes/wc-core-functions.php(249): include('/var/www/html/w...')
#5 /var/www/html/wordpress-html5/wp-content/plugins/woocommerce/includes/widgets/class-wc-widget-recent-reviews.php(78): wc_get_template('content-widget-...', Array)
#6 /var/www/html/wordpress-html5/wp-content/plugins/elementor/includes/widgets/wordpress.ph in /var/www/html/wordpress-html5/wp-content/themes/html5blank-stable/functions.php on line 484

2020-02-26T12:20:31+00:00 CRITICAL Uncaught Error: Call to a member function get_average_rating() on null in /var/www/html/wordpress-html5/wp-content/themes/html5blank-stable/functions.php:484
Stack trace:
#0 /var/www/html/wordpress-html5/wp-includes/class-wp-hook.php(290): get_star_rating('')
#1 /var/www/html/wordpress-html5/wp-includes/plugin.php(206): WP_Hook->apply_filters('', Array)
#2 /var/www/html/wordpress-html5/wp-content/plugins/woocommerce/includes/wc-template-functions.php(3438): apply_filters('woocommerce_pro...', '', 0, 0)
#3 /var/www/html/wordpress-html5/wp-content/plugins/woocommerce/templates/content-widget-reviews.php(29): wc_get_rating_html(0)
#4 /var/www/html/wordpress-html5/wp-content/plugins/woocommerce/includes/wc-core-functions.php(249): include('/var/www/html/w...')
#5 /var/www/html/wordpress-html5/wp-content/plugins/woocommerce/includes/widgets/class-wc-widget-recent-reviews.php(78): wc_get_template('content-widget-...', Array)
#6 /var/www/html/wordpress-html5/wp-content/plugins/elementor/includes/widgets/wordpress.ph in /var/www/html/wordpress-html5/wp-content/themes/html5blank-stable/functions.php on line 484

2020-02-26T12:21:11+00:00 CRITICAL Uncaught Error: Call to a member function get_average_rating() on null in /var/www/html/wordpress-html5/wp-content/themes/html5blank-stable/functions.php:484
Stack trace:
#0 /var/www/html/wordpress-html5/wp-includes/class-wp-hook.php(290): get_star_rating('')
#1 /var/www/html/wordpress-html5/wp-includes/plugin.php(206): WP_Hook->apply_filters('', Array)
#2 /var/www/html/wordpress-html5/wp-content/plugins/woocommerce/includes/wc-template-functions.php(3438): apply_filters('woocommerce_pro...', '', 0, 0)
#3 /var/www/html/wordpress-html5/wp-content/plugins/woocommerce/templates/content-widget-reviews.php(29): wc_get_rating_html(0)
#4 /var/www/html/wordpress-html5/wp-content/plugins/woocommerce/includes/wc-core-functions.php(249): include('/var/www/html/w...')
#5 /var/www/html/wordpress-html5/wp-content/plugins/woocommerce/includes/widgets/class-wc-widget-recent-reviews.php(78): wc_get_template('content-widget-...', Array)
#6 /var/www/html/wordpress-html5/wp-content/plugins/elementor/includes/widgets/wordpress.ph in /var/www/html/wordpress-html5/wp-content/themes/html5blank-stable/functions.php on line 484

2020-02-26T12:21:28+00:00 CRITICAL Uncaught Error: Call to a member function get_average_rating() on null in /var/www/html/wordpress-html5/wp-content/themes/html5blank-stable/functions.php:484
Stack trace:
#0 /var/www/html/wordpress-html5/wp-includes/class-wp-hook.php(290): get_star_rating('')
#1 /var/www/html/wordpress-html5/wp-includes/plugin.php(206): WP_Hook->apply_filters('', Array)
#2 /var/www/html/wordpress-html5/wp-content/plugins/woocommerce/includes/wc-template-functions.php(3438): apply_filters('woocommerce_pro...', '', 0, 0)
#3 /var/www/html/wordpress-html5/wp-content/plugins/woocommerce/templates/content-widget-reviews.php(29): wc_get_rating_html(0)
#4 /var/www/html/wordpress-html5/wp-content/plugins/woocommerce/includes/wc-core-functions.php(249): include('/var/www/html/w...')
#5 /var/www/html/wordpress-html5/wp-content/plugins/woocommerce/includes/widgets/class-wc-widget-recent-reviews.php(78): wc_get_template('content-widget-...', Array)
#6 /var/www/html/wordpress-html5/wp-content/plugins/elementor/includes/widgets/wordpress.ph in /var/www/html/wordpress-html5/wp-content/themes/html5blank-stable/functions.php on line 484

2020-02-26T12:21:29+00:00 CRITICAL Uncaught Error: Call to a member function get_average_rating() on null in /var/www/html/wordpress-html5/wp-content/themes/html5blank-stable/functions.php:484
Stack trace:
#0 /var/www/html/wordpress-html5/wp-includes/class-wp-hook.php(290): get_star_rating('')
#1 /var/www/html/wordpress-html5/wp-includes/plugin.php(206): WP_Hook->apply_filters('', Array)
#2 /var/www/html/wordpress-html5/wp-content/plugins/woocommerce/includes/wc-template-functions.php(3438): apply_filters('woocommerce_pro...', '', 0, 0)
#3 /var/www/html/wordpress-html5/wp-content/plugins/woocommerce/templates/content-widget-reviews.php(29): wc_get_rating_html(0)
#4 /var/www/html/wordpress-html5/wp-content/plugins/woocommerce/includes/wc-core-functions.php(249): include('/var/www/html/w...')
#5 /var/www/html/wordpress-html5/wp-content/plugins/woocommerce/includes/widgets/class-wc-widget-recent-reviews.php(78): wc_get_template('content-widget-...', Array)
#6 /var/www/html/wordpress-html5/wp-content/plugins/elementor/includes/widgets/wordpress.ph in /var/www/html/wordpress-html5/wp-content/themes/html5blank-stable/functions.php on line 484

2020-02-26T12:21:36+00:00 CRITICAL Uncaught Error: Call to a member function get_average_rating() on null in /var/www/html/wordpress-html5/wp-content/themes/html5blank-stable/functions.php:484
Stack trace:
#0 /var/www/html/wordpress-html5/wp-includes/class-wp-hook.php(290): get_star_rating('')
#1 /var/www/html/wordpress-html5/wp-includes/plugin.php(206): WP_Hook->apply_filters('', Array)
#2 /var/www/html/wordpress-html5/wp-content/plugins/woocommerce/includes/wc-template-functions.php(3438): apply_filters('woocommerce_pro...', '', 0, 0)
#3 /var/www/html/wordpress-html5/wp-content/plugins/woocommerce/templates/content-widget-reviews.php(29): wc_get_rating_html(0)
#4 /var/www/html/wordpress-html5/wp-content/plugins/woocommerce/includes/wc-core-functions.php(249): include('/var/www/html/w...')
#5 /var/www/html/wordpress-html5/wp-content/plugins/woocommerce/includes/widgets/class-wc-widget-recent-reviews.php(78): wc_get_template('content-widget-...', Array)
#6 /var/www/html/wordpress-html5/wp-content/plugins/elementor/includes/widgets/wordpress.ph in /var/www/html/wordpress-html5/wp-content/themes/html5blank-stable/functions.php on line 484

2020-02-26T12:22:20+00:00 CRITICAL Uncaught Error: Call to a member function get_average_rating() on null in /var/www/html/wordpress-html5/wp-content/themes/html5blank-stable/functions.php:484
Stack trace:
#0 /var/www/html/wordpress-html5/wp-includes/class-wp-hook.php(290): get_star_rating('')
#1 /var/www/html/wordpress-html5/wp-includes/plugin.php(206): WP_Hook->apply_filters('', Array)
#2 /var/www/html/wordpress-html5/wp-content/plugins/woocommerce/includes/wc-template-functions.php(3438): apply_filters('woocommerce_pro...', '', 0, 0)
#3 /var/www/html/wordpress-html5/wp-content/plugins/woocommerce/templates/content-widget-reviews.php(29): wc_get_rating_html(0)
#4 /var/www/html/wordpress-html5/wp-content/plugins/woocommerce/includes/wc-core-functions.php(249): include('/var/www/html/w...')
#5 /var/www/html/wordpress-html5/wp-content/plugins/woocommerce/includes/widgets/class-wc-widget-recent-reviews.php(78): wc_get_template('content-widget-...', Array)
#6 /var/www/html/wordpress-html5/wp-content/plugins/elementor/includes/widgets/wordpress.ph in /var/www/html/wordpress-html5/wp-content/themes/html5blank-stable/functions.php on line 484

2020-02-26T12:22:21+00:00 CRITICAL Uncaught Error: Call to a member function get_average_rating() on null in /var/www/html/wordpress-html5/wp-content/themes/html5blank-stable/functions.php:484
Stack trace:
#0 /var/www/html/wordpress-html5/wp-includes/class-wp-hook.php(290): get_star_rating('')
#1 /var/www/html/wordpress-html5/wp-includes/plugin.php(206): WP_Hook->apply_filters('', Array)
#2 /var/www/html/wordpress-html5/wp-content/plugins/woocommerce/includes/wc-template-functions.php(3438): apply_filters('woocommerce_pro...', '', 0, 0)
#3 /var/www/html/wordpress-html5/wp-content/plugins/woocommerce/templates/content-widget-reviews.php(29): wc_get_rating_html(0)
#4 /var/www/html/wordpress-html5/wp-content/plugins/woocommerce/includes/wc-core-functions.php(249): include('/var/www/html/w...')
#5 /var/www/html/wordpress-html5/wp-content/plugins/woocommerce/includes/widgets/class-wc-widget-recent-reviews.php(78): wc_get_template('content-widget-...', Array)
#6 /var/www/html/wordpress-html5/wp-content/plugins/elementor/includes/widgets/wordpress.ph in /var/www/html/wordpress-html5/wp-content/themes/html5blank-stable/functions.php on line 484

2020-02-26T12:22:39+00:00 CRITICAL Uncaught Error: Call to a member function get_average_rating() on null in /var/www/html/wordpress-html5/wp-content/themes/html5blank-stable/functions.php:484
Stack trace:
#0 /var/www/html/wordpress-html5/wp-includes/class-wp-hook.php(290): get_star_rating('')
#1 /var/www/html/wordpress-html5/wp-includes/plugin.php(206): WP_Hook->apply_filters('', Array)
#2 /var/www/html/wordpress-html5/wp-content/plugins/woocommerce/includes/wc-template-functions.php(3438): apply_filters('woocommerce_pro...', '', 0, 0)
#3 /var/www/html/wordpress-html5/wp-content/plugins/woocommerce/templates/content-widget-reviews.php(29): wc_get_rating_html(0)
#4 /var/www/html/wordpress-html5/wp-content/plugins/woocommerce/includes/wc-core-functions.php(249): include('/var/www/html/w...')
#5 /var/www/html/wordpress-html5/wp-content/plugins/woocommerce/includes/widgets/class-wc-widget-recent-reviews.php(78): wc_get_template('content-widget-...', Array)
#6 /var/www/html/wordpress-html5/wp-content/plugins/elementor/includes/widgets/wordpress.ph in /var/www/html/wordpress-html5/wp-content/themes/html5blank-stable/functions.php on line 484

2020-02-26T12:23:00+00:00 CRITICAL Uncaught Error: Call to a member function get_average_rating() on null in /var/www/html/wordpress-html5/wp-content/themes/html5blank-stable/functions.php:484
Stack trace:
#0 /var/www/html/wordpress-html5/wp-includes/class-wp-hook.php(290): get_star_rating('')
#1 /var/www/html/wordpress-html5/wp-includes/plugin.php(206): WP_Hook->apply_filters('', Array)
#2 /var/www/html/wordpress-html5/wp-content/plugins/woocommerce/includes/wc-template-functions.php(3438): apply_filters('woocommerce_pro...', '', 0, 0)
#3 /var/www/html/wordpress-html5/wp-content/plugins/woocommerce/templates/content-widget-reviews.php(29): wc_get_rating_html(0)
#4 /var/www/html/wordpress-html5/wp-content/plugins/woocommerce/includes/wc-core-functions.php(249): include('/var/www/html/w...')
#5 /var/www/html/wordpress-html5/wp-content/plugins/woocommerce/includes/widgets/class-wc-widget-recent-reviews.php(78): wc_get_template('content-widget-...', Array)
#6 /var/www/html/wordpress-html5/wp-content/plugins/elementor/includes/widgets/wordpress.ph in /var/www/html/wordpress-html5/wp-content/themes/html5blank-stable/functions.php on line 484

2020-02-26T12:23:12+00:00 CRITICAL Uncaught Error: Call to a member function get_average_rating() on null in /var/www/html/wordpress-html5/wp-content/themes/html5blank-stable/functions.php:484
Stack trace:
#0 /var/www/html/wordpress-html5/wp-includes/class-wp-hook.php(290): get_star_rating('')
#1 /var/www/html/wordpress-html5/wp-includes/plugin.php(206): WP_Hook->apply_filters('', Array)
#2 /var/www/html/wordpress-html5/wp-content/plugins/woocommerce/includes/wc-template-functions.php(3438): apply_filters('woocommerce_pro...', '', 0, 0)
#3 /var/www/html/wordpress-html5/wp-content/plugins/woocommerce/templates/content-widget-reviews.php(29): wc_get_rating_html(0)
#4 /var/www/html/wordpress-html5/wp-content/plugins/woocommerce/includes/wc-core-functions.php(249): include('/var/www/html/w...')
#5 /var/www/html/wordpress-html5/wp-content/plugins/woocommerce/includes/widgets/class-wc-widget-recent-reviews.php(78): wc_get_template('content-widget-...', Array)
#6 /var/www/html/wordpress-html5/wp-content/plugins/elementor/includes/widgets/wordpress.ph in /var/www/html/wordpress-html5/wp-content/themes/html5blank-stable/functions.php on line 484

2020-02-26T12:23:55+00:00 CRITICAL Uncaught Error: Call to a member function get_average_rating() on null in /var/www/html/wordpress-html5/wp-content/themes/html5blank-stable/functions.php:484
Stack trace:
#0 /var/www/html/wordpress-html5/wp-includes/class-wp-hook.php(290): get_star_rating('')
#1 /var/www/html/wordpress-html5/wp-includes/plugin.php(206): WP_Hook->apply_filters('', Array)
#2 /var/www/html/wordpress-html5/wp-content/plugins/woocommerce/includes/wc-template-functions.php(3438): apply_filters('woocommerce_pro...', '', 0, 0)
#3 /var/www/html/wordpress-html5/wp-content/plugins/woocommerce/templates/content-widget-reviews.php(29): wc_get_rating_html(0)
#4 /var/www/html/wordpress-html5/wp-content/plugins/woocommerce/includes/wc-core-functions.php(249): include('/var/www/html/w...')
#5 /var/www/html/wordpress-html5/wp-content/plugins/woocommerce/includes/widgets/class-wc-widget-recent-reviews.php(78): wc_get_template('content-widget-...', Array)
#6 /var/www/html/wordpress-html5/wp-content/plugins/elementor/includes/widgets/wordpress.ph in /var/www/html/wordpress-html5/wp-content/themes/html5blank-stable/functions.php on line 484

2020-02-26T12:23:55+00:00 CRITICAL Uncaught Error: Call to a member function get_average_rating() on null in /var/www/html/wordpress-html5/wp-content/themes/html5blank-stable/functions.php:484
Stack trace:
#0 /var/www/html/wordpress-html5/wp-includes/class-wp-hook.php(290): get_star_rating('')
#1 /var/www/html/wordpress-html5/wp-includes/plugin.php(206): WP_Hook->apply_filters('', Array)
#2 /var/www/html/wordpress-html5/wp-content/plugins/woocommerce/includes/wc-template-functions.php(3438): apply_filters('woocommerce_pro...', '', 0, 0)
#3 /var/www/html/wordpress-html5/wp-content/plugins/woocommerce/templates/content-widget-reviews.php(29): wc_get_rating_html(0)
#4 /var/www/html/wordpress-html5/wp-content/plugins/woocommerce/includes/wc-core-functions.php(249): include('/var/www/html/w...')
#5 /var/www/html/wordpress-html5/wp-content/plugins/woocommerce/includes/widgets/class-wc-widget-recent-reviews.php(78): wc_get_template('content-widget-...', Array)
#6 /var/www/html/wordpress-html5/wp-content/plugins/elementor/includes/widgets/wordpress.ph in /var/www/html/wordpress-html5/wp-content/themes/html5blank-stable/functions.php on line 484

2020-02-26T12:24:32+00:00 CRITICAL Uncaught Error: Call to a member function get_average_rating() on null in /var/www/html/wordpress-html5/wp-content/themes/html5blank-stable/functions.php:484
Stack trace:
#0 /var/www/html/wordpress-html5/wp-includes/class-wp-hook.php(290): get_star_rating('')
#1 /var/www/html/wordpress-html5/wp-includes/plugin.php(206): WP_Hook->apply_filters('', Array)
#2 /var/www/html/wordpress-html5/wp-content/plugins/woocommerce/includes/wc-template-functions.php(3438): apply_filters('woocommerce_pro...', '', 0, 0)
#3 /var/www/html/wordpress-html5/wp-content/plugins/woocommerce/templates/content-widget-reviews.php(29): wc_get_rating_html(0)
#4 /var/www/html/wordpress-html5/wp-content/plugins/woocommerce/includes/wc-core-functions.php(249): include('/var/www/html/w...')
#5 /var/www/html/wordpress-html5/wp-content/plugins/woocommerce/includes/widgets/class-wc-widget-recent-reviews.php(78): wc_get_template('content-widget-...', Array)
#6 /var/www/html/wordpress-html5/wp-content/plugins/elementor/includes/widgets/wordpress.ph in /var/www/html/wordpress-html5/wp-content/themes/html5blank-stable/functions.php on line 484

2020-02-26T12:24:53+00:00 CRITICAL Uncaught Error: Call to a member function get_average_rating() on null in /var/www/html/wordpress-html5/wp-content/themes/html5blank-stable/functions.php:484
Stack trace:
#0 /var/www/html/wordpress-html5/wp-includes/class-wp-hook.php(290): get_star_rating('')
#1 /var/www/html/wordpress-html5/wp-includes/plugin.php(206): WP_Hook->apply_filters('', Array)
#2 /var/www/html/wordpress-html5/wp-content/plugins/woocommerce/includes/wc-template-functions.php(3438): apply_filters('woocommerce_pro...', '', 0, 0)
#3 /var/www/html/wordpress-html5/wp-content/plugins/woocommerce/templates/content-widget-reviews.php(29): wc_get_rating_html(0)
#4 /var/www/html/wordpress-html5/wp-content/plugins/woocommerce/includes/wc-core-functions.php(249): include('/var/www/html/w...')
#5 /var/www/html/wordpress-html5/wp-content/plugins/woocommerce/includes/widgets/class-wc-widget-recent-reviews.php(78): wc_get_template('content-widget-...', Array)
#6 /var/www/html/wordpress-html5/wp-content/plugins/elementor/includes/widgets/wordpress.ph in /var/www/html/wordpress-html5/wp-content/themes/html5blank-stable/functions.php on line 484

2020-02-26T12:25:03+00:00 CRITICAL Uncaught Error: Call to a member function get_average_rating() on null in /var/www/html/wordpress-html5/wp-content/themes/html5blank-stable/functions.php:484
Stack trace:
#0 /var/www/html/wordpress-html5/wp-includes/class-wp-hook.php(290): get_star_rating('')
#1 /var/www/html/wordpress-html5/wp-includes/plugin.php(206): WP_Hook->apply_filters('', Array)
#2 /var/www/html/wordpress-html5/wp-content/plugins/woocommerce/includes/wc-template-functions.php(3438): apply_filters('woocommerce_pro...', '', 0, 0)
#3 /var/www/html/wordpress-html5/wp-content/plugins/woocommerce/templates/content-widget-reviews.php(29): wc_get_rating_html(0)
#4 /var/www/html/wordpress-html5/wp-content/plugins/woocommerce/includes/wc-core-functions.php(249): include('/var/www/html/w...')
#5 /var/www/html/wordpress-html5/wp-content/plugins/woocommerce/includes/widgets/class-wc-widget-recent-reviews.php(78): wc_get_template('content-widget-...', Array)
#6 /var/www/html/wordpress-html5/wp-content/plugins/elementor/includes/widgets/wordpress.ph in /var/www/html/wordpress-html5/wp-content/themes/html5blank-stable/functions.php on line 484

2020-02-26T12:25:09+00:00 CRITICAL Uncaught Error: Call to a member function get_average_rating() on null in /var/www/html/wordpress-html5/wp-content/themes/html5blank-stable/functions.php:484
Stack trace:
#0 /var/www/html/wordpress-html5/wp-includes/class-wp-hook.php(290): get_star_rating('')
#1 /var/www/html/wordpress-html5/wp-includes/plugin.php(206): WP_Hook->apply_filters('', Array)
#2 /var/www/html/wordpress-html5/wp-content/plugins/woocommerce/includes/wc-template-functions.php(3438): apply_filters('woocommerce_pro...', '', 0, 0)
#3 /var/www/html/wordpress-html5/wp-content/plugins/woocommerce/templates/content-widget-reviews.php(29): wc_get_rating_html(0)
#4 /var/www/html/wordpress-html5/wp-content/plugins/woocommerce/includes/wc-core-functions.php(249): include('/var/www/html/w...')
#5 /var/www/html/wordpress-html5/wp-content/plugins/woocommerce/includes/widgets/class-wc-widget-recent-reviews.php(78): wc_get_template('content-widget-...', Array)
#6 /var/www/html/wordpress-html5/wp-content/plugins/elementor/includes/widgets/wordpress.ph in /var/www/html/wordpress-html5/wp-content/themes/html5blank-stable/functions.php on line 484

2020-02-26T12:26:09+00:00 CRITICAL Uncaught Error: Call to a member function get_average_rating() on null in /var/www/html/wordpress-html5/wp-content/themes/html5blank-stable/functions.php:484
Stack trace:
#0 /var/www/html/wordpress-html5/wp-includes/class-wp-hook.php(290): get_star_rating('')
#1 /var/www/html/wordpress-html5/wp-includes/plugin.php(206): WP_Hook->apply_filters('', Array)
#2 /var/www/html/wordpress-html5/wp-content/plugins/woocommerce/includes/wc-template-functions.php(3438): apply_filters('woocommerce_pro...', '', 0, 0)
#3 /var/www/html/wordpress-html5/wp-content/plugins/woocommerce/templates/content-widget-reviews.php(29): wc_get_rating_html(0)
#4 /var/www/html/wordpress-html5/wp-content/plugins/woocommerce/includes/wc-core-functions.php(249): include('/var/www/html/w...')
#5 /var/www/html/wordpress-html5/wp-content/plugins/woocommerce/includes/widgets/class-wc-widget-recent-reviews.php(78): wc_get_template('content-widget-...', Array)
#6 /var/www/html/wordpress-html5/wp-content/plugins/elementor/includes/widgets/wordpress.ph in /var/www/html/wordpress-html5/wp-content/themes/html5blank-stable/functions.php on line 484

2020-02-26T12:26:46+00:00 CRITICAL Uncaught Error: Call to a member function get_average_rating() on null in /var/www/html/wordpress-html5/wp-content/themes/html5blank-stable/functions.php:484
Stack trace:
#0 /var/www/html/wordpress-html5/wp-includes/class-wp-hook.php(290): get_star_rating('')
#1 /var/www/html/wordpress-html5/wp-includes/plugin.php(206): WP_Hook->apply_filters('', Array)
#2 /var/www/html/wordpress-html5/wp-content/plugins/woocommerce/includes/wc-template-functions.php(3438): apply_filters('woocommerce_pro...', '', 0, 0)
#3 /var/www/html/wordpress-html5/wp-content/plugins/woocommerce/templates/content-widget-reviews.php(29): wc_get_rating_html(0)
#4 /var/www/html/wordpress-html5/wp-content/plugins/woocommerce/includes/wc-core-functions.php(249): include('/var/www/html/w...')
#5 /var/www/html/wordpress-html5/wp-content/plugins/woocommerce/includes/widgets/class-wc-widget-recent-reviews.php(78): wc_get_template('content-widget-...', Array)
#6 /var/www/html/wordpress-html5/wp-content/plugins/elementor/includes/widgets/wordpress.ph in /var/www/html/wordpress-html5/wp-content/themes/html5blank-stable/functions.php on line 484

